make --dry-run --keep-going --print-directory
make: Entering directory '/home/cerkoc01/Workspace/careful-whisper-sgx'
/home/cerkoc01/Workspace/sgxsdk/bin/x64/sgx_sign dump -cssfile enclave_sigstruct_raw -dumpfile /dev/null -enclave Enclave.signed.so
sed -e "s^@MRSIGNER@^`./mrsigner.sh enclave_sigstruct_raw`^" policy.in > policy
rm -f enclave_sigstruct_raw
test -f config.h || rm -f stamp-h1
test -f config.h || make  stamp-h1
 
make  all-recursive
 
make[1]: Entering directory '/home/cerkoc01/Workspace/careful-whisper-sgx'
fail=; \
if (target_option=k; case ${target_option-} in ?) ;; *) echo "am__make_running_with_option: internal error: invalid" "target option '${target_option-}' specified" >&2; exit 1;; esac; has_opt=no; sane_makeflags=$MAKEFLAGS; if { if test -z '1'; then false; elif test -n 'x86_64-pc-linux-gnu'; then true; elif test -n '4.2.1' && test -n '/home/cerkoc01/Workspace/careful-whisper-sgx'; then true; else false; fi; }; then sane_makeflags=$MFLAGS; else case $MAKEFLAGS in *\\[\ \	]*) bs=\\; sane_makeflags=`printf '%s\n' "$MAKEFLAGS" | sed "s/$bs$bs[$bs $bs	]*//g"`;; esac; fi; skip_next=no; strip_trailopt () { flg=`printf '%s\n' "$flg" | sed "s/$1.*$//"`; }; for flg in $sane_makeflags; do test $skip_next = yes && { skip_next=no; continue; }; case $flg in *=*|--*) continue;; -*I) strip_trailopt 'I'; skip_next=yes;; -*I?*) strip_trailopt 'I';; -*O) strip_trailopt 'O'; skip_next=yes;; -*O?*) strip_trailopt 'O';; -*l) strip_trailopt 'l'; skip_next=yes;; -*l?*) strip_trailopt 'l';; -[dEDm]) skip_next=yes;; -[JT]) skip_next=yes;; esac; case $flg in *$target_option*) has_opt=yes; break;; esac; done; test $has_opt = yes); then \
  failcom='fail=yes'; \
else \
  failcom='exit 1'; \
fi; \
dot_seen=no; \
target=`echo all-recursive | sed s/-recursive//`; \
case "all-recursive" in \
  distclean-* | maintainer-clean-*) list='Enclave ' ;; \
  *) list='Enclave ' ;; \
esac; \
for subdir in $list; do \
  echo "Making $target in $subdir"; \
  if test "$subdir" = "."; then \
    dot_seen=yes; \
    local_target="$target-am"; \
  else \
    local_target="$target"; \
  fi; \
  (CDPATH="${ZSH_VERSION+.}:" && cd $subdir && make  $local_target) \
  || eval $failcom; \
done; \
if test "$dot_seen" = "no"; then \
  make  "$target-am" || exit 1; \
fi; test -z "$fail"
 
Making all in Enclave
 
make[2]: Entering directory '/home/cerkoc01/Workspace/careful-whisper-sgx/Enclave'
make[2]: Nothing to be done for 'all'.
make[2]: Leaving directory '/home/cerkoc01/Workspace/careful-whisper-sgx/Enclave'
 
make[2]: Entering directory '/home/cerkoc01/Workspace/careful-whisper-sgx'
test -f config.h || rm -f stamp-h1
test -f config.h || make  stamp-h1
 
g++ -DHAVE_CONFIG_H -I.  -I/home/cerkoc01/Workspace/sgxsdk/include -fno-builtin-memset -I/usr/lib/ssl/include   -std=c++11  -g -O2 -MT client.o -MD -MP -MF .deps/client.Tpo -c -o client.o client.cpp
 
mv -f .deps/client.Tpo .deps/client.Po
 
gcc -DHAVE_CONFIG_H -I.  -I/home/cerkoc01/Workspace/sgxsdk/include -fno-builtin-memset -I/usr/lib/ssl/include    -g -O2 -MT sgx_detect_linux.o -MD -MP -MF .deps/sgx_detect_linux.Tpo -c -o sgx_detect_linux.o sgx_detect_linux.c
mv -f .deps/sgx_detect_linux.Tpo .deps/sgx_detect_linux.Po
 
gcc -DHAVE_CONFIG_H -I.  -I/home/cerkoc01/Workspace/sgxsdk/include -fno-builtin-memset -I/usr/lib/ssl/include    -g -O2 -MT sgx_stub.o -MD -MP -MF .deps/sgx_stub.Tpo -c -o sgx_stub.o sgx_stub.c
mv -f .deps/sgx_stub.Tpo .deps/sgx_stub.Po
 
gcc -DHAVE_CONFIG_H -I.  -I/home/cerkoc01/Workspace/sgxsdk/include -fno-builtin-memset -I/usr/lib/ssl/include    -g -O2 -MT Enclave_u.o -MD -MP -MF .deps/Enclave_u.Tpo -c -o Enclave_u.o Enclave_u.c
 
mv -f .deps/Enclave_u.Tpo .deps/Enclave_u.Po
 
rm -f client
g++ -std=c++11  -g -O2 -L/home/cerkoc01/Workspace/sgxsdk/lib64 -L/usr/lib/ssl/lib  -o client client.o sgx_detect_linux.o sgx_stub.o quote_size.o byteorder.o common.o crypto.o hexutil.o fileio.o base64.o msgio.o logfile.o Enclave_u.o -lsgx_urts -lsgx_ukey_exchange -lcrypto -l:libsgx_capable.a -lpthread -ldl 
 
g++ -DHAVE_CONFIG_H -I.  -I/home/cerkoc01/Workspace/sgxsdk/include -fno-builtin-memset -I/usr/lib/ssl/include   -std=c++11  -g -O2 -MT sp.o -MD -MP -MF .deps/sp.Tpo -c -o sp.o sp.cpp
mv -f .deps/sp.Tpo .deps/sp.Po
 
g++ -DHAVE_CONFIG_H -I.  -I/home/cerkoc01/Workspace/sgxsdk/include -fno-builtin-memset -I/usr/lib/ssl/include   -std=c++11  -g -O2 -MT iasrequest.o -MD -MP -MF .deps/iasrequest.Tpo -c -o iasrequest.o iasrequest.cpp
mv -f .deps/iasrequest.Tpo .deps/iasrequest.Po
 
rm -f sp
g++ -std=c++11  -g -O2 -L/home/cerkoc01/Workspace/sgxsdk/lib64 -L/usr/lib/ssl/lib   -o sp sp.o agent_wget.o iasrequest.o enclave_verify.o byteorder.o common.o crypto.o hexutil.o fileio.o base64.o msgio.o logfile.o agent_curl.o -lcrypto -lcurl 
 
make[2]: Leaving directory '/home/cerkoc01/Workspace/careful-whisper-sgx'
 
make[1]: Leaving directory '/home/cerkoc01/Workspace/careful-whisper-sgx'
 
make: Leaving directory '/home/cerkoc01/Workspace/careful-whisper-sgx'
 
